{
  "RSpec": {
    "coverage": {
      "/home/codio/workspace/Proter/app/helpers/application_helper.rb": {
        "lines": [
          1,
          null
        ]
      },
      "/home/codio/workspace/Proter/app/models/product.rb": {
        "lines": [
          1,
          null
        ]
      },
      "/home/codio/workspace/Proter/app/models/shopping_group.rb": {
        "lines": [
          1,
          null
        ]
      },
      "/home/codio/workspace/Proter/app/models/user.rb": {
        "lines": [
          1,
          1,
          null
        ]
      },
      "/home/codio/workspace/Proter/app/controllers/products_controller.rb": {
        "lines": [
          1,
          1,
          1,
          1,
          null,
          null,
          1,
          1,
          1,
          1,
          null,
          null,
          1,
          1,
          1,
          1,
          1,
          null,
          null,
          1,
          1,
          1,
          1,
          1,
          null,
          null,
          1,
          1,
          null,
          null,
          1,
          1,
          null,
          null,
          1,
          null,
          null,
          null,
          null,
          null,
          null,
          null,
          null,
          null,
          null,
          null,
          null,
          null,
          null,
          1,
          2,
          null,
          null
        ]
      },
      "/home/codio/workspace/Proter/app/controllers/application_controller.rb": {
        "lines": [
          1,
          1,
          null,
          null,
          null,
          null
        ]
      },
      "/home/codio/workspace/Proter/app/controllers/purchases_controller.rb": {
        "lines": [
          1,
          1,
          null,
          1,
          2,
          2,
          null,
          2,
          1,
          1,
          null,
          1,
          1,
          null,
          null,
          null,
          1,
          3,
          3,
          3,
          null,
          null,
          3,
          3,
          null,
          null,
          1,
          1,
          1,
          1,
          1,
          null,
          2,
          2,
          2,
          2,
          1,
          null,
          1,
          1,
          1,
          2,
          null,
          1,
          1,
          1,
          1,
          null,
          null,
          3,
          null,
          null
        ]
      },
      "/home/codio/workspace/Proter/app/controllers/users_controller.rb": {
        "lines": [
          1,
          null,
          1,
          null,
          1,
          11,
          null,
          null,
          1,
          1,
          1,
          1,
          1,
          1,
          1,
          1,
          1,
          1,
          1,
          null,
          1,
          1,
          1,
          1,
          1,
          1,
          1,
          1,
          1,
          1,
          1,
          null,
          null,
          null,
          null
        ]
      }
    },
    "timestamp": 1636869199
  }
}
